<?xml version="1.0" encoding="UTF-8"?>
<!-- Generated by org.testng.reporters.JUnitReportReporter -->
<testsuite skipped="0" hostname="seroiuts02451" name="utils.FileReaderTest" tests="1" failures="0" timestamp="2024-04-03T13:39:08 CEST" time="0.013" errors="0">
  <testcase name="testFileReader" time="0.013" classname="utils.FileReaderTest"/>
  <system-out/>
</testsuite> <!-- utils.FileReaderTest -->
