<?xml version="1.0" encoding="UTF-8"?>
<!-- Generated by org.testng.reporters.JUnitReportReporter -->
<testsuite skipped="0" hostname="seroiuts02451" name="days.Day3Test" tests="2" failures="0" timestamp="2024-04-03T16:30:10 CEST" time="0.008" errors="0">
  <testcase name="testNumberOfHusesWithPresentsBySantaAndRoboSanta" time="0.003" classname="days.Day3Test"/>
  <system-out/>
  <testcase name="testNumberOfHusesWithPresentsBySanta" time="0.005" classname="days.Day3Test"/>
  <system-out/>
</testsuite> <!-- days.Day3Test -->
