<?xml version="1.0" encoding="UTF-8"?>
<!-- Generated by org.testng.reporters.JUnitReportReporter -->
<testsuite skipped="0" hostname="seroiuts02451" name="Day1Test" tests="2" failures="0" timestamp="2024-04-03T12:01:27 CEST" time="0.006" errors="0">
  <testcase name="testTagetFloor" time="0.000" classname="Day1Test"/>
  <system-out/>
  <testcase name="testBasementIndex" time="0.006" classname="Day1Test"/>
  <system-out/>
</testsuite> <!-- Day1Test -->
