<?xml version="1.0" encoding="UTF-8"?>
<!-- Generated by org.testng.reporters.JUnitReportReporter -->
<testsuite skipped="0" hostname="seroiuts02451" name="Day2Test" tests="2" failures="0" timestamp="2024-04-03T14:55:25 CEST" time="0.012" errors="0">
  <testcase name="testTotalRibbon" time="0.011" classname="Day2Test"/>
  <system-out/>
  <testcase name="testTotalWrapper" time="0.001" classname="Day2Test"/>
  <system-out/>
</testsuite> <!-- Day2Test -->
